<?xml version="1.0" encoding="UTF-8"?>
<!-- Generated by org.testng.reporters.JUnitReportReporter -->
<testsuite skipped="0" hostname="DESKTOP-7QL7HVM" name="tests.AnyDoNotificationTest" tests="1" failures="0" timestamp="2022-01-22T19:32:50 BDT" time="4.098" errors="0">
  <testcase name="notification" time="4.098" classname="tests.AnyDoNotificationTest"/>
  <system-out/>
</testsuite> <!-- tests.AnyDoNotificationTest -->
