<?xml version="1.0" encoding="UTF-8"?>
<!-- Generated by org.testng.reporters.JUnitReportReporter -->
<testsuite skipped="0" hostname="DESKTOP-7QL7HVM" name="com.anydoweb.pageObjectModel.CreateTask" tests="1" failures="0" timestamp="2022-01-18T19:04:36 BDT" time="15.854" errors="0">
  <testcase name="createTask" time="15.854" classname="com.anydoweb.pageObjectModel.CreateTask"/>
  <system-out/>
</testsuite> <!-- com.anydoweb.pageObjectModel.CreateTask -->
