<?xml version="1.0" encoding="UTF-8"?>
<!-- Generated by org.testng.reporters.JUnitReportReporter -->
<testsuite skipped="0" hostname="DESKTOP-7QL7HVM" name="tests.AnyDoCreateTaskTest" tests="1" failures="0" timestamp="2022-01-22T19:31:56 BDT" time="4.708" errors="0">
  <testcase name="createTask" time="4.708" classname="tests.AnyDoCreateTaskTest"/>
  <system-out/>
</testsuite> <!-- tests.AnyDoCreateTaskTest -->
