<?xml version="1.0" encoding="UTF-8"?>
<!-- Generated by org.testng.reporters.JUnitReportReporter -->
<testsuite skipped="0" hostname="DESKTOP-7QL7HVM" name="com.anydoweb.pageObjectModel.Notification" tests="1" failures="0" timestamp="2022-01-18T18:58:02 BDT" time="14.171" errors="0">
  <testcase name="verifyNotification" time="14.171" classname="com.anydoweb.pageObjectModel.Notification"/>
  <system-out/>
</testsuite> <!-- com.anydoweb.pageObjectModel.Notification -->
