<?xml version="1.0" encoding="UTF-8"?>
<!-- Generated by org.testng.reporters.JUnitReportReporter -->
<testsuite skipped="0" hostname="DESKTOP-7QL7HVM" name="com.anydoweb.pageObjectModel.TestCase" tests="1" failures="0" timestamp="2022-01-18T18:26:49 BDT" time="11.957" errors="0">
  <testcase name="loginCredentials" time="11.957" classname="com.anydoweb.pageObjectModel.TestCase"/>
  <system-out/>
</testsuite> <!-- com.anydoweb.pageObjectModel.TestCase -->
