<?xml version="1.0" encoding="UTF-8"?>
<!-- Generated by org.testng.reporters.JUnitReportReporter -->
<testsuite skipped="0" hostname="DESKTOP-7QL7HVM" name="com.anydoweb.pageObjectModel.Setttings" tests="1" failures="0" timestamp="2022-01-18T18:40:35 BDT" time="13.443" errors="0">
  <testcase name="createTask" time="13.443" classname="com.anydoweb.pageObjectModel.Setttings"/>
  <system-out/>
</testsuite> <!-- com.anydoweb.pageObjectModel.Setttings -->
