<?xml version="1.0" encoding="UTF-8"?>
<!-- Generated by org.testng.reporters.JUnitReportReporter -->
<testsuite skipped="0" hostname="DESKTOP-7QL7HVM" name="tests.Notification" tests="1" failures="0" timestamp="2022-01-22T18:39:39 BDT" time="12.490" errors="0">
  <testcase name="verifyNotification" time="12.490" classname="tests.Notification"/>
  <system-out/>
</testsuite> <!-- tests.Notification -->
