<?xml version="1.0" encoding="UTF-8"?>
<!-- Generated by org.testng.reporters.JUnitReportReporter -->
<testsuite skipped="0" hostname="DESKTOP-7QL7HVM" name="tests.TaskCreateWIthNotes" tests="1" failures="0" timestamp="2022-01-22T19:16:17 BDT" time="13.381" errors="0">
  <testcase name="taskdWithNotes" time="13.381" classname="tests.TaskCreateWIthNotes"/>
  <system-out/>
</testsuite> <!-- tests.TaskCreateWIthNotes -->
