<?xml version="1.0" encoding="UTF-8"?>
<!-- Generated by org.testng.reporters.JUnitReportReporter -->
<testsuite skipped="0" hostname="DESKTOP-7QL7HVM" name="com.anydoweb.pageObjectModel.TaskCreateWIthNotes" tests="2" failures="0" timestamp="2022-01-18T23:49:16 BDT" time="30.615" errors="0">
  <testcase name="taskCreatedWithNotes" time="16.987" classname="com.anydoweb.pageObjectModel.TaskCreateWIthNotes"/>
  <system-out/>
  <testcase name="taskdWithNotes" time="13.628" classname="com.anydoweb.pageObjectModel.TaskCreateWIthNotes"/>
  <system-out/>
</testsuite> <!-- com.anydoweb.pageObjectModel.TaskCreateWIthNotes -->
