<?xml version="1.0" encoding="UTF-8"?>
<!-- Generated by org.testng.reporters.JUnitReportReporter -->
<testsuite skipped="0" hostname="DESKTOP-7QL7HVM" name="tests.AnyDoTaskWithNoteTest" tests="1" failures="0" timestamp="2022-01-22T19:33:12 BDT" time="4.566" errors="0">
  <testcase name="anyDoTaskWithNote" time="4.566" classname="tests.AnyDoTaskWithNoteTest"/>
  <system-out/>
</testsuite> <!-- tests.AnyDoTaskWithNoteTest -->
