<?xml version="1.0" encoding="UTF-8"?>
<!-- Generated by org.testng.reporters.JUnitReportReporter -->
<testsuite skipped="0" hostname="DESKTOP-7QL7HVM" name="tests.AnyDoFridayTaskTest" tests="1" failures="0" timestamp="2022-01-22T19:32:23 BDT" time="5.462" errors="0">
  <testcase name="AnyDoFriday" time="5.462" classname="tests.AnyDoFridayTaskTest"/>
  <system-out/>
</testsuite> <!-- tests.AnyDoFridayTaskTest -->
